4000  00        BRK                             A:00 X:00 Y:00 P:24 SP:FD PPU:  0,  0 CYC:7
C5F4  40        RTI                             A:00 X:00 Y:00 P:34 SP:FA PPU:  0,  0 CYC:14
4002  00        BRK                             A:00 X:00 Y:00 P:24 SP:FD PPU:  0,  0 CYC:20
C5F4  40        RTI                             A:00 X:00 Y:00 P:34 SP:FA PPU:  0,  0 CYC:27
4004  00        BRK                             A:00 X:00 Y:00 P:24 SP:FD PPU:  0,  0 CYC:33
C5F4  40        RTI                             A:00 X:00 Y:00 P:34 SP:FA PPU:  0,  0 CYC:40
4006  00        BRK                             A:00 X:00 Y:00 P:24 SP:FD PPU:  0,  0 CYC:46
C5F4  40        RTI                             A:00 X:00 Y:00 P:34 SP:FA PPU:  0,  0 CYC:53
4008  00        BRK                             A:00 X:00 Y:00 P:24 SP:FD PPU:  0,  0 CYC:59
C5F4  40        RTI                             A:00 X:00 Y:00 P:34 SP:FA PPU:  0,  0 CYC:66
400A  00        BRK                             A:00 X:00 Y:00 P:24 SP:FD PPU:  0,  0 CYC:72
C5F4  40        RTI                             A:00 X:00 Y:00 P:34 SP:FA PPU:  0,  0 CYC:79
400C  00        BRK                             A:00 X:00 Y:00 P:24 SP:FD PPU:  0,  0 CYC:85
C5F4  40        RTI                             A:00 X:00 Y:00 P:34 SP:FA PPU:  0,  0 CYC:92
400E  00        BRK                             A:00 X:00 Y:00 P:24 SP:FD PPU:  0,  0 CYC:98
C5F4  40        RTI                             A:00 X:00 Y:00 P:34 SP:FA PPU:  0,  0 CYC:105
4010  00        BRK                             A:00 X:00 Y:00 P:24 SP:FD PPU:  0,  0 CYC:111
C5F4  40        RTI                             A:00 X:00 Y:00 P:34 SP:FA PPU:  0,  0 CYC:118
4012  00        BRK                             A:00 X:00 Y:00 P:24 SP:FD PPU:  0,  0 CYC:124
C5F4  40        RTI                             A:00 X:00 Y:00 P:34 SP:FA PPU:  0,  0 CYC:131
4014  00        BRK                             A:00 X:00 Y:00 P:24 SP:FD PPU:  0,  0 CYC:137
C5F4  40        RTI                             A:00 X:00 Y:00 P:34 SP:FA PPU:  0,  0 CYC:144
4016  00        BRK                             A:00 X:00 Y:00 P:24 SP:FD PPU:  0,  0 CYC:150
C5F4  40        RTI                             A:00 X:00 Y:00 P:34 SP:FA PPU:  0,  0 CYC:157
4018  00        BRK                             A:00 X:00 Y:00 P:24 SP:FD PPU:  0,  0 CYC:163
C5F4  40        RTI                             A:00 X:00 Y:00 P:34 SP:FA PPU:  0,  0 CYC:170
401A  00        BRK                             A:00 X:00 Y:00 P:24 SP:FD PPU:  0,  0 CYC:176
C5F4  40        RTI                             A:00 X:00 Y:00 P:34 SP:FA PPU:  0,  0 CYC:183
401C  00        BRK                             A:00 X:00 Y:00 P:24 SP:FD PPU:  0,  0 CYC:189
C5F4  40        RTI                             A:00 X:00 Y:00 P:34 SP:FA PPU:  0,  0 CYC:196
401E  00        BRK                             A:00 X:00 Y:00 P:24 SP:FD PPU:  0,  0 CYC:202
C5F4  40        RTI                             A:00 X:00 Y:00 P:34 SP:FA PPU:  0,  0 CYC:209
